FAIL: gnu.testlet.BinaryCompatibility.BinaryCompatibilityTest: Adding a method to a class (number 1)
FAIL: gnu.testlet.BinaryCompatibility.BinaryCompatibilityTest: Adding a field to a class (number 1)
FAIL: gnu.testlet.BinaryCompatibility.BinaryCompatibilityTest: Adding a method to an interface (number 1)
FAIL: gnu.testlet.BinaryCompatibility.BinaryCompatibilityTest: Deleting a method from a class (number 1)
FAIL: gnu.testlet.BinaryCompatibility.BinaryCompatibilityTest: Deleting a field from a class (number 1)
FAIL: gnu.testlet.BinaryCompatibility.BinaryCompatibilityTest: Reordering fields of a class (number 1)
FAIL: gnu.testlet.BinaryCompatibility.BinaryCompatibilityTest: Reordering methods of a class (number 1)
FAIL: gnu.testlet.BinaryCompatibility.BinaryCompatibilityTest: Moving a method upward in the class hierarchy (number 1)
FAIL: gnu.testlet.BinaryCompatibility.BinaryCompatibilityTest: Inserting a new class in the type hierarchy (number 1)
FAIL: gnu.testlet.java.awt.AWTKeyStroke.getAWTKeyStroke: (String) (number 2)
FAIL: gnu.testlet.java.awt.AWTKeyStroke.getAWTKeyStroke: (String) (number 3)
FAIL: gnu.testlet.java.awt.AWTKeyStroke.getAWTKeyStroke: (String) (number 4)
FAIL: gnu.testlet.java.awt.AWTKeyStroke.getAWTKeyStroke: uncaught exception at "(String)" number 6: java.lang.NullPointerException
FAIL: gnu.testlet.java.awt.Robot.constructors: uncaught exception: java.lang.Error: not implemented
FAIL: gnu.testlet.java.awt.Robot.createScreenCapture: uncaught exception: java.lang.Error: not implemented
FAIL: gnu.testlet.java.awt.Robot.getPixelColor: uncaught exception: java.lang.Error: not implemented
FAIL: gnu.testlet.java.awt.Robot.keyPress: uncaught exception: java.lang.Error: not implemented
FAIL: gnu.testlet.java.awt.Robot.keyRelease: uncaught exception: java.lang.Error: not implemented
FAIL: gnu.testlet.java.awt.Robot.mouseMove: uncaught exception: java.lang.Error: not implemented
FAIL: gnu.testlet.java.awt.Robot.mousePress: uncaught exception: java.lang.Error: not implemented
FAIL: gnu.testlet.java.awt.Robot.mouseRelease: uncaught exception: java.lang.Error: not implemented
FAIL: gnu.testlet.java.awt.Robot.mouseWheel: uncaught exception: java.lang.Error: not implemented
FAIL: gnu.testlet.java.awt.geom.Arc2D.getEndPoint (number 1)
FAIL: gnu.testlet.java.awt.geom.Arc2D.getPathIterator (number 8)
FAIL: gnu.testlet.java.awt.image.SinglePixelPackedSampleModel.constructors: (int, int, int, int[]) (number 8)
FAIL: gnu.testlet.java.awt.image.SinglePixelPackedSampleModel.constructors: (int, int, int, int, int[]) (number 8)
FAIL: gnu.testlet.java.awt.image.SinglePixelPackedSampleModel.createSubsetSampleModel (number 7)
FAIL: gnu.testlet.java.awt.image.SinglePixelPackedSampleModel.equals (number 1)
FAIL: gnu.testlet.java.awt.image.SinglePixelPackedSampleModel.equals (number 2)
FAIL: gnu.testlet.java.awt.image.SinglePixelPackedSampleModel.equals (number 5)
FAIL: gnu.testlet.java.awt.image.SinglePixelPackedSampleModel.equals (number 7)
FAIL: gnu.testlet.java.awt.image.SinglePixelPackedSampleModel.equals (number 9)
FAIL: gnu.testlet.java.awt.image.SinglePixelPackedSampleModel.equals (number 11)
FAIL: gnu.testlet.java.awt.image.SinglePixelPackedSampleModel.equals (number 13)
FAIL: gnu.testlet.java.awt.image.SinglePixelPackedSampleModel.getDataElements: uncaught exception at "(int, int, Object, DataBuffer(Byte))" number 5: java.lang.ArrayStoreException
FAIL: gnu.testlet.java.awt.image.SinglePixelPackedSampleModel.hashCode (number 1)
FAIL: gnu.testlet.java.awt.image.SinglePixelPackedSampleModel.hashCode (number 2)
FAIL: Link for gnu.testlet.java.beans.Beans.instantiate_1
FAIL: gnu.testlet.java.io.File.security: createTempFile(2-args) - unexpected exception (number 1)
FAIL: gnu.testlet.java.io.File.security: File.listRoots() (number 1)
FAIL: gnu.testlet.java.io.File.security: file.renameTo - unexpected exception (number 1)
FAIL: gnu.testlet.java.io.File.security: dir.deleteOnExit() - unexpected exception (number 1)
FAIL: gnu.testlet.java.io.ObjectInputOutput.Deserializable: Wrong exception (number 1)
FAIL: gnu.testlet.java.io.ObjectInputOutput.Deserializable: Was expecting an InvalidClassException (number 1)
FAIL: gnu.testlet.java.io.ObjectInputOutput.InputTest: gnu.testlet.java.io.ObjectInputOutput.Test$GetPutField (number 1)
FAIL: gnu.testlet.java.io.ObjectInputOutput.OutputTest: Serializable: test(str=null, x=0) (number 2)
FAIL: Link for gnu.testlet.java.io.ObjectInputStream.registerValidation
FAIL: gnu.testlet.java.io.OutputStreamWriter.jdk11: OutputStreamWriter(writer, encoding) (number 1)
FAIL: gnu.testlet.java.io.OutputStreamWriter.jdk11: OutputStreamWriter(writer, encoding) // alias (number 1)
FAIL: gnu.testlet.java.io.PrintWriter.checkError (number 3)
FAIL: gnu.testlet.java.io.PrintWriter.jdk11: checkError() after close() (number 1)
FAIL: gnu.testlet.java.io.RandomAccessFile.setLength (number 14)
FAIL: gnu.testlet.java.io.Utf8Encoding.mojo: Four Byte Range Error (0) (number 1)
FAIL: gnu.testlet.java.io.Utf8Encoding.mojo: Four Byte Range Error (1) (number 1)
FAIL: gnu.testlet.java.io.Utf8Encoding.mojo: Five Bytes (0) (number 1)
FAIL: gnu.testlet.java.io.Utf8Encoding.mojo: Five Bytes (1) (number 1)
FAIL: gnu.testlet.java.io.Utf8Encoding.mojo: Six Bytes (0) (number 1)
FAIL: gnu.testlet.java.io.Utf8Encoding.mojo: Six Bytes (1) (number 1)
FAIL: gnu.testlet.java.io.Utf8Encoding.mojo: Orphan Continuation (1) (number 1)
FAIL: gnu.testlet.java.io.Utf8Encoding.mojo: Orphan Continuation (2) (number 1)
FAIL: gnu.testlet.java.io.Utf8Encoding.mojo: Four Byte Range Error (2) (number 1)
FAIL: gnu.testlet.java.lang.Character.classify12 (number 1)
FAIL: gnu.testlet.java.lang.Character.getType (number 11)
FAIL: gnu.testlet.java.lang.Character.getType (number 20)
FAIL: gnu.testlet.java.lang.Character.getType (number 22)
FAIL: gnu.testlet.java.lang.Class.init (number 14)
FAIL: gnu.testlet.java.lang.Class.reflect2: getClasses (number 2)
FAIL: gnu.testlet.java.lang.Class.reflect2: getClasses (number 3)
FAIL: gnu.testlet.java.lang.Class.reflect2: getClasses (number 5)
FAIL: gnu.testlet.java.lang.Class.reflect2: getDeclaringClass (number 3)
FAIL: gnu.testlet.java.lang.Class.reflect2: getDeclaringClass (number 4)
FAIL: gnu.testlet.java.lang.Class.reflect2: getDeclaringClass (number 5)
FAIL: gnu.testlet.java.lang.Class.reflect2: getDeclaredClasses (number 1)
FAIL: gnu.testlet.java.lang.Class.reflect2: getDeclaredClasses (number 2)
FAIL: gnu.testlet.java.lang.Class.reflect2: getDeclaredClasses (number 3)
FAIL: gnu.testlet.java.lang.Math.MathTest: Error : test_pow failed - 9 (number 1)
FAIL: gnu.testlet.java.lang.String.getBytes13: String.getBytes("UnicodeBig") (number 1)
FAIL: gnu.testlet.java.lang.String.getBytes13: String.getBytes("UnicodeBigUnmarked") (number 1)
FAIL: gnu.testlet.java.lang.String.getBytes13: String.getBytes("UnicodeLittle") (number 1)
FAIL: gnu.testlet.java.lang.String.getBytes14: String.getBytes("ISO8859_15") (number 1)
FAIL: gnu.testlet.java.lang.Thread.contextClassLoader: null is a valid contextClassLoader (number 1)
FAIL: gnu.testlet.java.lang.Thread.contextClassLoader: New thread inherits null classloader (number 1)
FAIL: gnu.testlet.java.lang.Thread.contextClassLoader: run with null classloader (number 1)
FAIL: gnu.testlet.java.lang.Thread.daemon: Can change daemon state on an exitted Thread (number 1)
FAIL: gnu.testlet.java.lang.Thread.daemon: Daemon status changed when set on an exitted Thread (number 1)
FAIL: gnu.testlet.java.lang.Thread.security10: Thread.enumerate(Thread[]) (number 1)
FAIL: gnu.testlet.java.lang.Thread.stop: Unexpected exception during test() (number 1)
FAIL: gnu.testlet.java.net.DatagramPacket.DatagramPacketOffset: DatagramPacket Offset Test byte[]='Hello Worl..........Hello World 12345' should be='Hello WorlHello WorlHello World 12345' (number 1)
FAIL: gnu.testlet.java.net.MulticastSocket.MulticastSocketTest: joinGroup() twice. (number 1)
FAIL: Compile gnu/testlet/java/net/ServerSocket/ServerSocketTest.lo for gnu.testlet.java.net.ServerSocket.ServerSocketTest
FAIL: gnu.testlet.java.net.Socket.SocketTest: Error : test_Basics failed - 7 exception should not have been thrown. (number 1)
FAIL: gnu.testlet.java.net.URI.URITest: unexpected exception (number 1)
FAIL: gnu.testlet.java.net.URL.URLTest:  Error in test_toString  - 5  exception should not be thrown here (number 1)
FAIL: gnu.testlet.java.net.URL.URLTest: contextResolution (number 5)
FAIL: gnu.testlet.java.net.URL.URLTest: contextResolution (number 6)
FAIL: gnu.testlet.java.net.URLConnection.URLConnectionTest: Error in test_getHeaderField  - 2  4 header field wrong (number 1)
FAIL: gnu.testlet.java.nio.ByteBuffer.Allocating: mark: mark not invalidated (number 1)
FAIL: gnu.testlet.java.nio.ByteBuffer.Allocating: mark: mark not invalidated (number 1)
FAIL: gnu.testlet.java.nio.ByteBuffer.Allocating: mark: mark not invalidated (number 1)
FAIL: gnu.testlet.java.nio.ByteBuffer.Allocating: mark: mark not invalidated (number 1)
FAIL: gnu.testlet.java.nio.channels.FileChannel.copyIO: Unexpected result: source=abcdefghijklmnopqrstuvwxyz, result=aababcabcdabcdeabcdefabcdef (number 1)
FAIL: gnu.testlet.java.nio.channels.FileChannel.manyopen: Unexpected exception at nr 339: java.io.IOException: Too many open files (number 1)
FAIL: gnu.testlet.java.nio.charset.Charset.encode: uncaught exception at "Wrong limit in char buffer" number 2: java.lang.IllegalStateException
FAIL: gnu.testlet.java.text.DateFormatSymbols.setAmPmStrings (number 1)
FAIL: gnu.testlet.java.text.DateFormatSymbols.setEras (number 1)
FAIL: gnu.testlet.java.text.DateFormatSymbols.setMonths (number 1)
FAIL: gnu.testlet.java.text.DateFormatSymbols.setShortMonths (number 1)
FAIL: gnu.testlet.java.text.DateFormatSymbols.setShortWeekdays (number 1)
FAIL: gnu.testlet.java.text.DateFormatSymbols.setWeekdays (number 1)
FAIL: gnu.testlet.java.text.DateFormatSymbols.setZoneStrings (number 1)
FAIL: gnu.testlet.java.text.DecimalFormat.formatExp: pattern ##.###E0 (number 2)
FAIL: gnu.testlet.java.text.DecimalFormatSymbols.getCurrency (number 1)
FAIL: gnu.testlet.java.text.MessageFormat.format14: number (number 2)
FAIL: gnu.testlet.java.text.MessageFormat.format14: number (number 4)
FAIL: gnu.testlet.java.text.MessageFormat.format14: choice (number 1)
FAIL: gnu.testlet.java.text.NumberFormat.UK: Double-based fraction formatting with integer number format (0.333). (number 1)
FAIL: gnu.testlet.java.text.NumberFormat.UK: Double-based fraction formatting with integer number format (123,456.789). (number 1)
FAIL: gnu.testlet.java.text.NumberFormat.UK: Long-based integer formatting with currency number format ($30.00). (number 1)
FAIL: gnu.testlet.java.text.NumberFormat.UK: Double-based integer formatting with currency number format ($30.00). (number 1)
FAIL: gnu.testlet.java.text.NumberFormat.UK: Double-based fraction formatting with currency number format ($0.333). (number 1)
FAIL: gnu.testlet.java.text.NumberFormat.UK: Double-based fraction formatting with currency number format ($123,456.789). (number 1)
FAIL: gnu.testlet.java.text.NumberFormat.UK: Long-based integer formatting with percentile number format (30%). (number 1)
FAIL: gnu.testlet.java.text.SimpleDateFormat.Localization: uncaught exception at "Non-localized pattern comes back as is with toPattern()." number 2: java.lang.StringIndexOutOfBoundsException: String index out of range: 18
FAIL: gnu.testlet.java.text.SimpleDateFormat.applyLocalizedPattern (number 1)
FAIL: gnu.testlet.java.text.SimpleDateFormat.applyLocalizedPattern (number 2)
FAIL: gnu.testlet.java.text.SimpleDateFormat.parse: java.lang.NullPointerException:  (number 1)
FAIL: gnu.testlet.java.text.SimpleDateFormat.parse: java.text.ParseException:  (number 1)
FAIL: gnu.testlet.java.text.SimpleDateFormat.parse: java.text.ParseException:  (number 2)
FAIL: gnu.testlet.java.text.SimpleDateFormat.parse: java.text.ParseException:  (number 1)
FAIL: gnu.testlet.java.text.SimpleDateFormat.parse: java.text.ParseException:  (number 1)
FAIL: gnu.testlet.java.text.SimpleDateFormat.parse: java.text.ParseException:  (number 1)
FAIL: gnu.testlet.java.text.SimpleDateFormat.parse: java.text.ParseException:  (number 1)
FAIL: gnu.testlet.java.text.SimpleDateFormat.parse: java.text.ParseException:  (number 1)
FAIL: gnu.testlet.java.text.SimpleDateFormat.parse: java.text.ParseException:  (number 1)
FAIL: gnu.testlet.java.text.SimpleDateFormat.parse: java.text.ParseException:  (number 1)
FAIL: gnu.testlet.java.text.SimpleDateFormat.parse: java.text.ParseException:  (number 1)
FAIL: gnu.testlet.java.text.SimpleDateFormat.parse: java.text.ParseException:  (number 2)
FAIL: gnu.testlet.java.text.SimpleDateFormat.parse: java.lang.NullPointerException:  (number 1)
FAIL: gnu.testlet.java.text.SimpleDateFormat.toLocalizedPattern (number 1)
FAIL: gnu.testlet.java.text.SimpleDateFormat.toLocalizedPattern (number 2)
FAIL: gnu.testlet.java.util.Calendar.set: setting only some fields (number 4)
FAIL: gnu.testlet.java.util.Calendar.set: setting only some fields (number 5)
FAIL: gnu.testlet.java.util.Currency.Constructors: uncaught exception: java.lang.IllegalArgumentException: The currency code, null, is not supported.
FAIL: gnu.testlet.java.util.Currency.France: Euro ISO 4217 currency code retrieval check (FRF). (number 1)
FAIL: gnu.testlet.java.util.Currency.France: Euro currency symbol retrieval check (F). (number 1)
FAIL: gnu.testlet.java.util.Currency.France: Euro ISO 4217 currency code retrieval check (FRF). (number 1)
FAIL: gnu.testlet.java.util.Currency.Germany: Euro ISO 4217 currency code retrieval check (DEM). (number 1)
FAIL: gnu.testlet.java.util.Currency.Germany: Euro currency symbol retrieval check (DM). (number 1)
FAIL: gnu.testlet.java.util.Currency.Germany: Euro ISO 4217 currency code retrieval check (DEM). (number 1)
FAIL: gnu.testlet.java.util.Currency.Italy: Euro ISO 4217 currency code retrieval check (ITL). (number 1)
FAIL: gnu.testlet.java.util.Currency.Italy: Euro currency symbol retrieval check (L.). (number 1)
FAIL: gnu.testlet.java.util.Currency.Italy: Euro currency fraction digits retrieval check (0). (number 1)
FAIL: gnu.testlet.java.util.Currency.Italy: Euro ISO 4217 currency code retrieval check (ITL). (number 1)
FAIL: gnu.testlet.java.util.Currency.ReferenceEquality: uncaught exception at "Reference equality for currencies (UK) check." number 2: java.lang.IllegalArgumentException: The currency code, GBP, is not supported.
FAIL: gnu.testlet.java.util.Currency.US: Non local currency symbol retrieval check (CAD). (number 1)
FAIL: gnu.testlet.java.util.Currency.getInstance (number 1)
FAIL: gnu.testlet.java.util.Currency.getInstance (number 3)
FAIL: gnu.testlet.java.util.Currency.getInstance (number 4)
FAIL: gnu.testlet.java.util.Currency.getInstance (number 5)
FAIL: gnu.testlet.java.util.Date.getTimezoneOffset: getTimezoneOffset for zone: GMT (number 1)
FAIL: gnu.testlet.java.util.Date.getTimezoneOffset: getTimezoneOffset for zone: GMT (number 2)
FAIL: gnu.testlet.java.util.Date.getTimezoneOffset: getTimezoneOffset for zone: Europe/London (number 2)
FAIL: gnu.testlet.java.util.GregorianCalendar.conversion: uncaught exception at "Testing setTimeInMillis(281474976710656) i = 48" number 3: java.lang.IllegalArgumentException: month out of range
FAIL: gnu.testlet.java.util.GregorianCalendar.getMinimalDaysInFirstWeek (number 1)
FAIL: gnu.testlet.java.util.GregorianCalendar.getMinimalDaysInFirstWeek (number 2)
FAIL: gnu.testlet.java.util.SimpleTimeZone.check12 (number 22)
FAIL: gnu.testlet.java.util.SimpleTimeZone.check12 (number 23)
FAIL: gnu.testlet.java.util.SimpleTimeZone.equals (number 21)
FAIL: gnu.testlet.java.util.SimpleTimeZone.getDSTSavings (number 2)
FAIL: gnu.testlet.java.util.SimpleTimeZone.hasSameRules (number 19)
FAIL: gnu.testlet.java.util.Timer.taskException: still able to schedule tasks (number 1)
FAIL: gnu.testlet.java.util.logging.Logger.getLogger (number 9)
FAIL: gnu.testlet.java.util.logging.Logger.securityChecks: Logger.getAnonymousLogger() (number 7)
FAIL: gnu.testlet.java.util.logging.Logger.securityChecks: Logger.getAnonymousLogger(null) (number 7)
FAIL: gnu.testlet.java.util.zip.ZipFile.DirEntryTest: getEntry("dir/") (number 2)
FAIL: gnu.testlet.java.util.zip.ZipFile.newZipFile: non-zipfile gets rejected (number 1)
FAIL: Link for gnu.testlet.javax.swing.DefaultListModel.removeAllElements
FAIL: gnu.testlet.javax.swing.DefaultListModel.setSize: uncaught exception at "setSize(int)" number 10: java.lang.NullPointerException
FAIL: Link for gnu.testlet.javax.swing.JComboBox.MutableTest1
FAIL: Link for gnu.testlet.javax.swing.JComboBox.MutableTest2
FAIL: Link for gnu.testlet.javax.swing.JComboBox.SimpleSelectionTest
FAIL: gnu.testlet.javax.swing.UIDefaults.remove: put with null gave NullPointerException (number 1)
FAIL: gnu.testlet.javax.swing.tree.DefaultMutableTreeNode.add: uncaught exception: java.lang.NullPointerException
FAIL: gnu.testlet.javax.swing.tree.DefaultMutableTreeNode.breadthFirstEnumeration: uncaught exception: java.lang.NullPointerException
FAIL: gnu.testlet.javax.swing.tree.DefaultMutableTreeNode.pathFromAncestorEnumeration: uncaught exception at "rejects invalid arguments (null)" number 2: java.lang.NullPointerException
FAIL: gnu.testlet.javax.swing.tree.DefaultMutableTreeNode.postorderEnumeration: uncaught exception: java.lang.NullPointerException
FAIL: gnu.testlet.javax.swing.tree.DefaultMutableTreeNode.preorderEnumeration: uncaught exception: java.lang.NullPointerException
FAIL: gnu.testlet.locales.LocaleTest: Locale de_DE (number 7)
FAIL: gnu.testlet.locales.LocaleTest: Locale de_DE (number 8)
FAIL: gnu.testlet.locales.LocaleTest: Locale de_DE (number 10)
FAIL: gnu.testlet.locales.LocaleTest: numberformats locale: de_DE (number 6)
FAIL: gnu.testlet.locales.LocaleTest: numberformats locale: de_DE (number 7)
FAIL: gnu.testlet.locales.LocaleTest: numberformats locale: de_DE (number 8)
FAIL: gnu.testlet.locales.LocaleTest: numberformats locale: de_DE (number 9)
FAIL: gnu.testlet.locales.LocaleTest: numberformats locale: de_DE (number 10)
FAIL: gnu.testlet.locales.LocaleTest: numberformats locale: de_DE (number 14)
FAIL: gnu.testlet.locales.LocaleTest: numberformats locale: de_DE (number 15)
FAIL: gnu.testlet.locales.LocaleTest: numberformats locale: de_DE (number 21)
FAIL: gnu.testlet.locales.LocaleTest: numberformats locale: de_DE (number 22)
FAIL: gnu.testlet.locales.LocaleTest: Currencies locale: de_DE (number 1)
FAIL: gnu.testlet.locales.LocaleTest: Currencies locale: de_DE (number 3)
FAIL: gnu.testlet.locales.LocaleTest: Locale fr_BE (number 7)
FAIL: gnu.testlet.locales.LocaleTest: Locale fr_BE (number 8)
FAIL: gnu.testlet.locales.LocaleTest: Locale fr_BE (number 10)
FAIL: gnu.testlet.locales.LocaleTest: DateFormat.DEFAULT fr_BE (number 1)
FAIL: gnu.testlet.locales.LocaleTest: DateFormat.SHORT fr_BE (number 1)
FAIL: gnu.testlet.locales.LocaleTest: DateFormat.MEDIUM fr_BE (number 1)
FAIL: gnu.testlet.locales.LocaleTest: DateFormat.LONG fr_BE (number 1)
FAIL: gnu.testlet.locales.LocaleTest: DateFormat.DEFAULT == DateFormat.MEDIUM fr_BE (number 1)
FAIL: gnu.testlet.locales.LocaleTest: DateFormat.DEFAULT fr_BE (number 1)
FAIL: gnu.testlet.locales.LocaleTest: DateFormat.SHORT fr_BE (number 1)
FAIL: gnu.testlet.locales.LocaleTest: DateFormat.MEDIUM fr_BE (number 1)
FAIL: gnu.testlet.locales.LocaleTest: DateFormat.LONG fr_BE (number 1)
FAIL: gnu.testlet.locales.LocaleTest: DateFormat.DEFAULT == DateFormat.MEDIUM fr_BE (number 1)
FAIL: gnu.testlet.locales.LocaleTest: numberformats locale: fr_BE (number 1)
FAIL: gnu.testlet.locales.LocaleTest: numberformats locale: fr_BE (number 2)
FAIL: gnu.testlet.locales.LocaleTest: numberformats locale: fr_BE (number 5)
FAIL: gnu.testlet.locales.LocaleTest: numberformats locale: fr_BE (number 6)
FAIL: gnu.testlet.locales.LocaleTest: numberformats locale: fr_BE (number 7)
FAIL: gnu.testlet.locales.LocaleTest: numberformats locale: fr_BE (number 8)
FAIL: gnu.testlet.locales.LocaleTest: numberformats locale: fr_BE (number 9)
FAIL: gnu.testlet.locales.LocaleTest: numberformats locale: fr_BE (number 10)
FAIL: gnu.testlet.locales.LocaleTest: numberformats locale: fr_BE (number 11)
FAIL: gnu.testlet.locales.LocaleTest: numberformats locale: fr_BE (number 12)
FAIL: gnu.testlet.locales.LocaleTest: numberformats locale: fr_BE (number 14)
FAIL: gnu.testlet.locales.LocaleTest: numberformats locale: fr_BE (number 15)
FAIL: gnu.testlet.locales.LocaleTest: numberformats locale: fr_BE (number 16)
FAIL: gnu.testlet.locales.LocaleTest: numberformats locale: fr_BE (number 17)
FAIL: gnu.testlet.locales.LocaleTest: numberformats locale: fr_BE (number 20)
FAIL: gnu.testlet.locales.LocaleTest: numberformats locale: fr_BE (number 21)
FAIL: gnu.testlet.locales.LocaleTest: numberformats locale: fr_BE (number 22)
FAIL: gnu.testlet.locales.LocaleTest: numberformats locale: fr_BE (number 23)
FAIL: gnu.testlet.locales.LocaleTest: numberformats locale: fr_BE (number 24)
FAIL: gnu.testlet.locales.LocaleTest: numberformats locale: fr_BE (number 25)
FAIL: gnu.testlet.locales.LocaleTest: Currencies locale: fr_BE (number 1)
FAIL: gnu.testlet.locales.LocaleTest: Currencies locale: fr_BE (number 3)
FAIL: gnu.testlet.locales.LocaleTest: Currency code not supported: BEF (number 1)
FAIL: gnu.testlet.locales.LocaleTest: Locale en_IE (number 7)
FAIL: gnu.testlet.locales.LocaleTest: Locale en_IE (number 8)
FAIL: gnu.testlet.locales.LocaleTest: Locale en_IE (number 10)
FAIL: gnu.testlet.locales.LocaleTest: DateFormat.DEFAULT en_IE (number 1)
FAIL: gnu.testlet.locales.LocaleTest: DateFormat.SHORT en_IE (number 1)
FAIL: gnu.testlet.locales.LocaleTest: DateFormat.MEDIUM en_IE (number 1)
FAIL: gnu.testlet.locales.LocaleTest: DateFormat.LONG en_IE (number 1)
FAIL: gnu.testlet.locales.LocaleTest: DateFormat.DEFAULT == DateFormat.MEDIUM en_IE (number 1)
FAIL: gnu.testlet.locales.LocaleTest: DateFormat.DEFAULT en_IE (number 1)
FAIL: gnu.testlet.locales.LocaleTest: DateFormat.SHORT en_IE (number 1)
FAIL: gnu.testlet.locales.LocaleTest: DateFormat.MEDIUM en_IE (number 1)
FAIL: gnu.testlet.locales.LocaleTest: DateFormat.LONG en_IE (number 1)
FAIL: gnu.testlet.locales.LocaleTest: DateFormat.DEFAULT == DateFormat.MEDIUM en_IE (number 1)
FAIL: gnu.testlet.locales.LocaleTest: numberformats locale: en_IE (number 1)
FAIL: gnu.testlet.locales.LocaleTest: numberformats locale: en_IE (number 2)
FAIL: gnu.testlet.locales.LocaleTest: numberformats locale: en_IE (number 4)
FAIL: gnu.testlet.locales.LocaleTest: numberformats locale: en_IE (number 5)
FAIL: gnu.testlet.locales.LocaleTest: numberformats locale: en_IE (number 6)
FAIL: gnu.testlet.locales.LocaleTest: numberformats locale: en_IE (number 7)
FAIL: gnu.testlet.locales.LocaleTest: numberformats locale: en_IE (number 8)
FAIL: gnu.testlet.locales.LocaleTest: numberformats locale: en_IE (number 9)
FAIL: gnu.testlet.locales.LocaleTest: numberformats locale: en_IE (number 10)
FAIL: gnu.testlet.locales.LocaleTest: numberformats locale: en_IE (number 11)
FAIL: gnu.testlet.locales.LocaleTest: numberformats locale: en_IE (number 12)
FAIL: gnu.testlet.locales.LocaleTest: numberformats locale: en_IE (number 14)
FAIL: gnu.testlet.locales.LocaleTest: numberformats locale: en_IE (number 15)
FAIL: gnu.testlet.locales.LocaleTest: numberformats locale: en_IE (number 16)
FAIL: gnu.testlet.locales.LocaleTest: numberformats locale: en_IE (number 17)
FAIL: gnu.testlet.locales.LocaleTest: numberformats locale: en_IE (number 19)
FAIL: gnu.testlet.locales.LocaleTest: numberformats locale: en_IE (number 20)
FAIL: gnu.testlet.locales.LocaleTest: numberformats locale: en_IE (number 21)
FAIL: gnu.testlet.locales.LocaleTest: numberformats locale: en_IE (number 22)
FAIL: gnu.testlet.locales.LocaleTest: numberformats locale: en_IE (number 23)
FAIL: gnu.testlet.locales.LocaleTest: numberformats locale: en_IE (number 24)
FAIL: gnu.testlet.locales.LocaleTest: numberformats locale: en_IE (number 25)
FAIL: gnu.testlet.locales.LocaleTest: Currencies locale: en_IE (number 1)
FAIL: gnu.testlet.locales.LocaleTest: Currencies locale: en_IE (number 3)
FAIL: gnu.testlet.locales.LocaleTest: Currency code not supported: IEP (number 1)
FAIL: gnu.testlet.locales.LocaleTest: Locale fr_FR (number 7)
FAIL: gnu.testlet.locales.LocaleTest: Locale fr_FR (number 8)
FAIL: gnu.testlet.locales.LocaleTest: Locale fr_FR (number 10)
FAIL: gnu.testlet.locales.LocaleTest: Currencies locale: fr_FR (number 1)
FAIL: gnu.testlet.locales.LocaleTest: Currencies locale: fr_FR (number 3)
FAIL: gnu.testlet.locales.LocaleTest: Currency code not supported: FRF (number 1)
FAIL: gnu.testlet.locales.LocaleTest: Locale es_ES (number 7)
FAIL: gnu.testlet.locales.LocaleTest: Locale es_ES (number 8)
FAIL: gnu.testlet.locales.LocaleTest: Locale es_ES (number 10)
FAIL: gnu.testlet.locales.LocaleTest: Currencies locale: es_ES (number 1)
FAIL: gnu.testlet.locales.LocaleTest: Currencies locale: es_ES (number 2)
FAIL: gnu.testlet.locales.LocaleTest: Currencies locale: es_ES (number 3)
FAIL: gnu.testlet.locales.LocaleTest: Currency code not supported: ESP (number 1)
FAIL: gnu.testlet.locales.LocaleTest: Locale pt_PT (number 7)
FAIL: gnu.testlet.locales.LocaleTest: Locale pt_PT (number 8)
FAIL: gnu.testlet.locales.LocaleTest: Locale pt_PT (number 10)
FAIL: gnu.testlet.locales.LocaleTest: Currencies locale: pt_PT (number 1)
FAIL: gnu.testlet.locales.LocaleTest: Currencies locale: pt_PT (number 3)
FAIL: gnu.testlet.locales.LocaleTest: Currency code not supported: PTE (number 1)
FAIL: gnu.testlet.locales.LocaleTest: Locale it_IT (number 7)
FAIL: gnu.testlet.locales.LocaleTest: Locale it_IT (number 8)
FAIL: gnu.testlet.locales.LocaleTest: Locale it_IT (number 10)
FAIL: gnu.testlet.locales.LocaleTest: Currencies locale: it_IT (number 1)
FAIL: gnu.testlet.locales.LocaleTest: Currencies locale: it_IT (number 2)
FAIL: gnu.testlet.locales.LocaleTest: Currencies locale: it_IT (number 3)
FAIL: gnu.testlet.locales.LocaleTest: Currency code not supported: ITL (number 1)
FAIL: gnu.testlet.locales.LocaleTest: Locale nl_NL (number 7)
FAIL: gnu.testlet.locales.LocaleTest: Locale nl_NL (number 8)
FAIL: gnu.testlet.locales.LocaleTest: Locale nl_NL (number 10)
FAIL: gnu.testlet.locales.LocaleTest: numberformats locale: nl_NL (number 1)
FAIL: gnu.testlet.locales.LocaleTest: numberformats locale: nl_NL (number 2)
FAIL: gnu.testlet.locales.LocaleTest: numberformats locale: nl_NL (number 5)
FAIL: gnu.testlet.locales.LocaleTest: numberformats locale: nl_NL (number 6)
FAIL: gnu.testlet.locales.LocaleTest: numberformats locale: nl_NL (number 7)
FAIL: gnu.testlet.locales.LocaleTest: numberformats locale: nl_NL (number 8)
FAIL: gnu.testlet.locales.LocaleTest: numberformats locale: nl_NL (number 9)
FAIL: gnu.testlet.locales.LocaleTest: numberformats locale: nl_NL (number 10)
FAIL: gnu.testlet.locales.LocaleTest: numberformats locale: nl_NL (number 11)
FAIL: gnu.testlet.locales.LocaleTest: numberformats locale: nl_NL (number 12)
FAIL: gnu.testlet.locales.LocaleTest: numberformats locale: nl_NL (number 14)
FAIL: gnu.testlet.locales.LocaleTest: numberformats locale: nl_NL (number 15)
FAIL: gnu.testlet.locales.LocaleTest: numberformats locale: nl_NL (number 16)
FAIL: gnu.testlet.locales.LocaleTest: numberformats locale: nl_NL (number 17)
FAIL: gnu.testlet.locales.LocaleTest: numberformats locale: nl_NL (number 20)
FAIL: gnu.testlet.locales.LocaleTest: numberformats locale: nl_NL (number 21)
FAIL: gnu.testlet.locales.LocaleTest: numberformats locale: nl_NL (number 22)
FAIL: gnu.testlet.locales.LocaleTest: numberformats locale: nl_NL (number 23)
FAIL: gnu.testlet.locales.LocaleTest: numberformats locale: nl_NL (number 24)
FAIL: gnu.testlet.locales.LocaleTest: numberformats locale: nl_NL (number 25)
FAIL: gnu.testlet.locales.LocaleTest: Currencies locale: nl_NL (number 1)
FAIL: gnu.testlet.locales.LocaleTest: Currencies locale: nl_NL (number 3)
FAIL: gnu.testlet.locales.LocaleTest: Currency code not supported: NLG (number 1)
FAIL: gnu.testlet.locales.LocaleTest: Locale fr_LU (number 7)
FAIL: gnu.testlet.locales.LocaleTest: Locale fr_LU (number 8)
FAIL: gnu.testlet.locales.LocaleTest: Locale fr_LU (number 10)
FAIL: gnu.testlet.locales.LocaleTest: Currencies locale: fr_LU (number 1)
FAIL: gnu.testlet.locales.LocaleTest: Currencies locale: fr_LU (number 3)
FAIL: gnu.testlet.locales.LocaleTest: Currency code not supported: LUF (number 1)
FAIL: gnu.testlet.locales.LocaleTest: Locale en_GB (number 7)
FAIL: gnu.testlet.locales.LocaleTest: Locale en_GB (number 8)
FAIL: gnu.testlet.locales.LocaleTest: Locale en_GB (number 10)
FAIL: gnu.testlet.locales.LocaleTest: DateFormat.DEFAULT en_GB (number 1)
FAIL: gnu.testlet.locales.LocaleTest: DateFormat.MEDIUM en_GB (number 1)
FAIL: gnu.testlet.locales.LocaleTest: DateFormat.LONG en_GB (number 1)
FAIL: gnu.testlet.locales.LocaleTest: DateFormat.DEFAULT == DateFormat.MEDIUM en_GB (number 1)
FAIL: gnu.testlet.locales.LocaleTest: DateFormat.DEFAULT en_GB (number 1)
FAIL: gnu.testlet.locales.LocaleTest: DateFormat.MEDIUM en_GB (number 1)
FAIL: gnu.testlet.locales.LocaleTest: DateFormat.LONG en_GB (number 1)
FAIL: gnu.testlet.locales.LocaleTest: DateFormat.DEFAULT == DateFormat.MEDIUM en_GB (number 1)
FAIL: gnu.testlet.locales.LocaleTest: numberformats locale: en_GB (number 6)
FAIL: gnu.testlet.locales.LocaleTest: numberformats locale: en_GB (number 7)
FAIL: gnu.testlet.locales.LocaleTest: numberformats locale: en_GB (number 8)
FAIL: gnu.testlet.locales.LocaleTest: numberformats locale: en_GB (number 9)
FAIL: gnu.testlet.locales.LocaleTest: numberformats locale: en_GB (number 10)
FAIL: gnu.testlet.locales.LocaleTest: numberformats locale: en_GB (number 14)
FAIL: gnu.testlet.locales.LocaleTest: numberformats locale: en_GB (number 15)
FAIL: gnu.testlet.locales.LocaleTest: numberformats locale: en_GB (number 21)
FAIL: gnu.testlet.locales.LocaleTest: numberformats locale: en_GB (number 22)
FAIL: gnu.testlet.locales.LocaleTest: Currencies locale: en_GB (number 3)
FAIL: gnu.testlet.locales.LocaleTest: Currency code not supported: GBP (number 1)
FAIL: gnu.testlet.locales.LocaleTest: Locale en_US (number 7)
FAIL: gnu.testlet.locales.LocaleTest: Locale en_US (number 8)
FAIL: gnu.testlet.locales.LocaleTest: Locale en_US (number 10)
FAIL: gnu.testlet.locales.LocaleTest: numberformats locale: en_US (number 14)
FAIL: gnu.testlet.locales.LocaleTest: numberformats locale: en_US (number 15)
FAIL: gnu.testlet.locales.LocaleTest: numberformats locale: en_US (number 21)
FAIL: gnu.testlet.locales.LocaleTest: numberformats locale: en_US (number 22)
FAIL: gnu.testlet.locales.LocaleTest: Currencies locale: en_US (number 3)
FAIL: gnu.testlet.locales.LocaleTest: Currency code not supported: USD (number 1)
FAIL: gnu.testlet.locales.LocaleTest: Locale fi_FI (number 7)
FAIL: gnu.testlet.locales.LocaleTest: Locale fi_FI (number 8)
FAIL: gnu.testlet.locales.LocaleTest: Locale fi_FI (number 10)
FAIL: gnu.testlet.locales.LocaleTest: DateFormat.DEFAULT fi_FI (number 1)
FAIL: gnu.testlet.locales.LocaleTest: DateFormat.SHORT fi_FI (number 1)
FAIL: gnu.testlet.locales.LocaleTest: DateFormat.MEDIUM fi_FI (number 1)
FAIL: gnu.testlet.locales.LocaleTest: DateFormat.LONG fi_FI (number 1)
FAIL: gnu.testlet.locales.LocaleTest: DateFormat.DEFAULT == DateFormat.MEDIUM fi_FI (number 1)
FAIL: gnu.testlet.locales.LocaleTest: DateFormat.DEFAULT fi_FI (number 1)
FAIL: gnu.testlet.locales.LocaleTest: DateFormat.SHORT fi_FI (number 1)
FAIL: gnu.testlet.locales.LocaleTest: DateFormat.MEDIUM fi_FI (number 1)
FAIL: gnu.testlet.locales.LocaleTest: DateFormat.LONG fi_FI (number 1)
FAIL: gnu.testlet.locales.LocaleTest: DateFormat.DEFAULT == DateFormat.MEDIUM fi_FI (number 1)
FAIL: gnu.testlet.locales.LocaleTest: numberformats locale: fi_FI (number 1)
FAIL: gnu.testlet.locales.LocaleTest: numberformats locale: fi_FI (number 2)
FAIL: gnu.testlet.locales.LocaleTest: numberformats locale: fi_FI (number 5)
FAIL: gnu.testlet.locales.LocaleTest: numberformats locale: fi_FI (number 6)
FAIL: gnu.testlet.locales.LocaleTest: numberformats locale: fi_FI (number 7)
FAIL: gnu.testlet.locales.LocaleTest: numberformats locale: fi_FI (number 8)
FAIL: gnu.testlet.locales.LocaleTest: numberformats locale: fi_FI (number 9)
FAIL: gnu.testlet.locales.LocaleTest: numberformats locale: fi_FI (number 10)
FAIL: gnu.testlet.locales.LocaleTest: numberformats locale: fi_FI (number 11)
FAIL: gnu.testlet.locales.LocaleTest: numberformats locale: fi_FI (number 12)
FAIL: gnu.testlet.locales.LocaleTest: numberformats locale: fi_FI (number 14)
FAIL: gnu.testlet.locales.LocaleTest: numberformats locale: fi_FI (number 15)
FAIL: gnu.testlet.locales.LocaleTest: numberformats locale: fi_FI (number 16)
FAIL: gnu.testlet.locales.LocaleTest: numberformats locale: fi_FI (number 17)
FAIL: gnu.testlet.locales.LocaleTest: numberformats locale: fi_FI (number 20)
FAIL: gnu.testlet.locales.LocaleTest: numberformats locale: fi_FI (number 21)
FAIL: gnu.testlet.locales.LocaleTest: numberformats locale: fi_FI (number 22)
FAIL: gnu.testlet.locales.LocaleTest: numberformats locale: fi_FI (number 23)
FAIL: gnu.testlet.locales.LocaleTest: numberformats locale: fi_FI (number 24)
FAIL: gnu.testlet.locales.LocaleTest: numberformats locale: fi_FI (number 25)
FAIL: gnu.testlet.locales.LocaleTest: Currencies locale: fi_FI (number 1)
FAIL: gnu.testlet.locales.LocaleTest: Currencies locale: fi_FI (number 3)
FAIL: gnu.testlet.locales.LocaleTest: Currency code not supported: FIM (number 1)
FAIL: gnu.testlet.locales.LocaleTest: Locale tr_TR (number 7)
FAIL: gnu.testlet.locales.LocaleTest: Locale tr_TR (number 8)
FAIL: gnu.testlet.locales.LocaleTest: Locale tr_TR (number 10)
FAIL: gnu.testlet.locales.LocaleTest: DateFormat.DEFAULT tr_TR (number 1)
FAIL: gnu.testlet.locales.LocaleTest: DateFormat.SHORT tr_TR (number 1)
FAIL: gnu.testlet.locales.LocaleTest: DateFormat.MEDIUM tr_TR (number 1)
FAIL: gnu.testlet.locales.LocaleTest: DateFormat.LONG tr_TR (number 1)
FAIL: gnu.testlet.locales.LocaleTest: DateFormat.DEFAULT == DateFormat.MEDIUM tr_TR (number 1)
FAIL: gnu.testlet.locales.LocaleTest: DateFormat.DEFAULT tr_TR (number 1)
FAIL: gnu.testlet.locales.LocaleTest: DateFormat.SHORT tr_TR (number 1)
FAIL: gnu.testlet.locales.LocaleTest: DateFormat.MEDIUM tr_TR (number 1)
FAIL: gnu.testlet.locales.LocaleTest: DateFormat.LONG tr_TR (number 1)
FAIL: gnu.testlet.locales.LocaleTest: DateFormat.DEFAULT == DateFormat.MEDIUM tr_TR (number 1)
FAIL: gnu.testlet.locales.LocaleTest: numberformats locale: tr_TR (number 1)
FAIL: gnu.testlet.locales.LocaleTest: numberformats locale: tr_TR (number 2)
FAIL: gnu.testlet.locales.LocaleTest: numberformats locale: tr_TR (number 4)
FAIL: gnu.testlet.locales.LocaleTest: numberformats locale: tr_TR (number 5)
FAIL: gnu.testlet.locales.LocaleTest: numberformats locale: tr_TR (number 6)
FAIL: gnu.testlet.locales.LocaleTest: numberformats locale: tr_TR (number 7)
FAIL: gnu.testlet.locales.LocaleTest: numberformats locale: tr_TR (number 8)
FAIL: gnu.testlet.locales.LocaleTest: numberformats locale: tr_TR (number 9)
FAIL: gnu.testlet.locales.LocaleTest: numberformats locale: tr_TR (number 10)
FAIL: gnu.testlet.locales.LocaleTest: numberformats locale: tr_TR (number 11)
FAIL: gnu.testlet.locales.LocaleTest: numberformats locale: tr_TR (number 12)
FAIL: gnu.testlet.locales.LocaleTest: numberformats locale: tr_TR (number 14)
FAIL: gnu.testlet.locales.LocaleTest: numberformats locale: tr_TR (number 15)
FAIL: gnu.testlet.locales.LocaleTest: numberformats locale: tr_TR (number 16)
FAIL: gnu.testlet.locales.LocaleTest: numberformats locale: tr_TR (number 17)
FAIL: gnu.testlet.locales.LocaleTest: numberformats locale: tr_TR (number 19)
FAIL: gnu.testlet.locales.LocaleTest: numberformats locale: tr_TR (number 20)
FAIL: gnu.testlet.locales.LocaleTest: numberformats locale: tr_TR (number 21)
FAIL: gnu.testlet.locales.LocaleTest: numberformats locale: tr_TR (number 22)
FAIL: gnu.testlet.locales.LocaleTest: numberformats locale: tr_TR (number 23)
FAIL: gnu.testlet.locales.LocaleTest: numberformats locale: tr_TR (number 24)
FAIL: gnu.testlet.locales.LocaleTest: numberformats locale: tr_TR (number 25)
FAIL: gnu.testlet.locales.LocaleTest: Currencies locale: tr_TR (number 2)
FAIL: gnu.testlet.locales.LocaleTest: Currencies locale: tr_TR (number 3)
FAIL: gnu.testlet.locales.LocaleTest: Currency code not supported: TRL (number 1)
FAIL: gnu.testlet.locales.LocaleTest: Locale et_EE (number 7)
FAIL: gnu.testlet.locales.LocaleTest: Locale et_EE (number 8)
FAIL: gnu.testlet.locales.LocaleTest: Locale et_EE (number 10)
FAIL: gnu.testlet.locales.LocaleTest: DateFormat.DEFAULT et_EE (number 1)
FAIL: gnu.testlet.locales.LocaleTest: DateFormat.SHORT et_EE (number 1)
FAIL: gnu.testlet.locales.LocaleTest: DateFormat.MEDIUM et_EE (number 1)
FAIL: gnu.testlet.locales.LocaleTest: DateFormat.LONG et_EE (number 1)
FAIL: gnu.testlet.locales.LocaleTest: DateFormat.DEFAULT == DateFormat.MEDIUM et_EE (number 1)
FAIL: gnu.testlet.locales.LocaleTest: DateFormat.DEFAULT et_EE (number 1)
FAIL: gnu.testlet.locales.LocaleTest: DateFormat.SHORT et_EE (number 1)
FAIL: gnu.testlet.locales.LocaleTest: DateFormat.MEDIUM et_EE (number 1)
FAIL: gnu.testlet.locales.LocaleTest: DateFormat.LONG et_EE (number 1)
FAIL: gnu.testlet.locales.LocaleTest: DateFormat.DEFAULT == DateFormat.MEDIUM et_EE (number 1)
FAIL: gnu.testlet.locales.LocaleTest: numberformats locale: et_EE (number 6)
FAIL: gnu.testlet.locales.LocaleTest: numberformats locale: et_EE (number 7)
FAIL: gnu.testlet.locales.LocaleTest: numberformats locale: et_EE (number 8)
FAIL: gnu.testlet.locales.LocaleTest: numberformats locale: et_EE (number 9)
FAIL: gnu.testlet.locales.LocaleTest: numberformats locale: et_EE (number 10)
FAIL: gnu.testlet.locales.LocaleTest: numberformats locale: et_EE (number 14)
FAIL: gnu.testlet.locales.LocaleTest: numberformats locale: et_EE (number 15)
FAIL: gnu.testlet.locales.LocaleTest: numberformats locale: et_EE (number 21)
FAIL: gnu.testlet.locales.LocaleTest: numberformats locale: et_EE (number 22)
FAIL: gnu.testlet.locales.LocaleTest: Currency code not supported: EEK (number 1)
